<?xml version="1.0" encoding="UTF-8"?>
<!-- Generated by org.testng.reporters.JUnitReportReporter -->
<testsuite hostname="CDC2-L-128FVYC" failures="0" tests="4" name="com.apiautomation.testcases.Api_Methods_Test" time="6.382" errors="0" timestamp="2023-08-04T13:07:12 IST" skipped="0">
  <testcase classname="com.apiautomation.testcases.Api_Methods_Test" name="test_GetUserDetails" time="0.244"/>
  <testcase classname="com.apiautomation.testcases.Api_Methods_Test" name="put_ApiUsers" time="1.733"/>
  <testcase classname="com.apiautomation.testcases.Api_Methods_Test" name="test_POSTUserDetails" time="0.643"/>
  <testcase classname="com.apiautomation.testcases.Api_Methods_Test" name="delete_ApiUsers" time="3.762"/>
  <system-out>
    <![CDATA[no such element: Unable to locate element: {"method":"xpath","selector":"//div[@data-component-type='s-search-result'][1]//span[contains(text(),'Apple iPhone')]"}
  (Session info: chrome=115.0.5790.111)
For documentation on this error, please visit: https://www.selenium.dev/documentation/webdriver/troubleshooting/errors#no-such-element-exception
Build info: version: '4.10.0', revision: 'c14d967899'
System info: os.name: 'Windows 11', os.arch: 'amd64', os.version: '10.0', java.version: '20.0.2'
Driver info: org.openqa.selenium.chrome.ChromeDriver
Command: [22c0d847e34ac261a78b92d537e5961d, findElement {using=xpath, value=//div[@data-component-type='s-search-result'][1]//span[contains(text(),'Apple iPhone')]}]
Capabilities {acceptInsecureCerts: false, browserName: chrome, browserVersion: 115.0.5790.111, chrome: {chromedriverVersion: 114.0.5735.16 (7e1ff058633f..., userDataDir: C:\Users\REVATH~1.000\AppDa...}, goog:chromeOptions: {debuggerAddress: localhost:49258}, networkConnectionEnabled: false, pageLoadStrategy: normal, platformName: windows, proxy: Proxy(), se:cdp: ws://localhost:49258/devtoo..., se:cdpVersion: 115.0.5790.111, setWindowRect: true, strictFileInteractability: false, timeouts: {implicit: 0, pageLoad: 300000, script: 30000}, unhandledPromptBehavior: dismiss and notify, webauthn:extension:credBlob: true, webauthn:extension:largeBlob: true, webauthn:extension:minPinLength: true, webauthn:extension:prf: true, webauthn:virtualAuthenticators: true}
Session ID: 22c0d847e34ac261a78b92d537e5961d]]>
  </system-out>
</testsuite> <!-- com.apiautomation.testcases.Api_Methods_Test -->
